Determining if the pthread_create exist failed with the following output:
Change Dir: /home/zack/353comp/build/CMakeFiles/CMakeTmp

Run Build Command:"/usr/bin/make" "cmTC_ab111/fast"
/usr/bin/make -f CMakeFiles/cmTC_ab111.dir/build.make CMakeFiles/cmTC_ab111.dir/build
make[1]: Entering directory '/home/zack/353comp/build/CMakeFiles/CMakeTmp'
Building C object CMakeFiles/cmTC_ab111.dir/CheckSymbolExists.c.o
/usr/bin/cc    -o CMakeFiles/cmTC_ab111.dir/CheckSymbolExists.c.o   -c /home/zack/353comp/build/CMakeFiles/CMakeTmp/CheckSymbolExists.c
Linking C executable cmTC_ab111
/usr/bin/cmake -E cmake_link_script CMakeFiles/cmTC_ab111.dir/link.txt --verbose=1
/usr/bin/cc      -rdynamic CMakeFiles/cmTC_ab111.dir/CheckSymbolExists.c.o  -o cmTC_ab111 
CMakeFiles/cmTC_ab111.dir/CheckSymbolExists.c.o: In function `main':
CheckSymbolExists.c:(.text+0x1b): undefined reference to `pthread_create'
collect2: error: ld returned 1 exit status
CMakeFiles/cmTC_ab111.dir/build.make:97: recipe for target 'cmTC_ab111' failed
make[1]: *** [cmTC_ab111] Error 1
make[1]: Leaving directory '/home/zack/353comp/build/CMakeFiles/CMakeTmp'
Makefile:126: recipe for target 'cmTC_ab111/fast' failed
make: *** [cmTC_ab111/fast] Error 2

File /home/zack/353comp/build/CMakeFiles/CMakeTmp/CheckSymbolExists.c:
/* */
#include <pthread.h>

int main(int argc, char** argv)
{
  (void)argv;
#ifndef pthread_create
  return ((int*)(&pthread_create))[argc];
#else
  (void)argc;
  return 0;
#endif
}

Determining if the function pthread_create exists in the pthreads failed with the following output:
Change Dir: /home/zack/353comp/build/CMakeFiles/CMakeTmp

Run Build Command:"/usr/bin/make" "cmTC_6324c/fast"
/usr/bin/make -f CMakeFiles/cmTC_6324c.dir/build.make CMakeFiles/cmTC_6324c.dir/build
make[1]: Entering directory '/home/zack/353comp/build/CMakeFiles/CMakeTmp'
Building C object CMakeFiles/cmTC_6324c.dir/CheckFunctionExists.c.o
/usr/bin/cc   -DCHECK_FUNCTION_EXISTS=pthread_create   -o CMakeFiles/cmTC_6324c.dir/CheckFunctionExists.c.o   -c /usr/share/cmake-3.10/Modules/CheckFunctionExists.c
Linking C executable cmTC_6324c
/usr/bin/cmake -E cmake_link_script CMakeFiles/cmTC_6324c.dir/link.txt --verbose=1
/usr/bin/cc  -DCHECK_FUNCTION_EXISTS=pthread_create    -rdynamic CMakeFiles/cmTC_6324c.dir/CheckFunctionExists.c.o  -o cmTC_6324c -lpthreads 
/usr/bin/ld: cannot find -lpthreads
collect2: error: ld returned 1 exit status
CMakeFiles/cmTC_6324c.dir/build.make:97: recipe for target 'cmTC_6324c' failed
make[1]: *** [cmTC_6324c] Error 1
make[1]: Leaving directory '/home/zack/353comp/build/CMakeFiles/CMakeTmp'
Makefile:126: recipe for target 'cmTC_6324c/fast' failed
make: *** [cmTC_6324c/fast] Error 2


